CRITICAL - 2022-07-13 06:32:01 --> preg_match() expects parameter 2 to be string, array given
in SYSTEMPATH\Validation\Validation.php on line 283.
 1 [internal function]: CodeIgniter\Debug\Exceptions->errorHandler(2, 'preg_match() expects parameter 2 to be string, array given', 'SYSTEMPATH\\Validation\\Validation.php', 283, [...])
 2 SYSTEMPATH\Validation\Validation.php(283): preg_match('/(.*?)\\[(.*)\\]/', [...], null)
 3 SYSTEMPATH\Validation\Validation.php(173): CodeIgniter\Validation\Validation->processRules('1', '1', null, [...], [...])
 4 SYSTEMPATH\Controller.php(140): CodeIgniter\Validation\Validation->run()
 5 APPPATH\Controllers\ContactUs.php(24): CodeIgniter\Controller->validate([...])
 6 SYSTEMPATH\CodeIgniter.php(898): App\Controllers\ContactUs->submit()
 7 SYSTEMPATH\CodeIgniter.php(468): CodeIgniter\CodeIgniter->runController(Object(App\Controllers\ContactUs))
 8 SYSTEMPATH\CodeIgniter.php(351): CodeIgniter\CodeIgniter->handleRequest(null, Object(Config\Cache), false)
 9 FCPATH\index.php(55): CodeIgniter\CodeIgniter->run()
10 SYSTEMPATH\Commands\Server\rewrite.php(43): require_once('FCPATH\\index.php')
CRITICAL - 2022-07-13 06:38:40 --> preg_match() expects parameter 2 to be string, array given
in SYSTEMPATH\Validation\Validation.php on line 283.
 1 [internal function]: CodeIgniter\Debug\Exceptions->errorHandler(2, 'preg_match() expects parameter 2 to be string, array given', 'SYSTEMPATH\\Validation\\Validation.php', 283, [...])
 2 SYSTEMPATH\Validation\Validation.php(283): preg_match('/(.*?)\\[(.*)\\]/', [...], null)
 3 SYSTEMPATH\Validation\Validation.php(173): CodeIgniter\Validation\Validation->processRules('1', '1', null, [...], [...])
 4 SYSTEMPATH\Controller.php(140): CodeIgniter\Validation\Validation->run()
 5 APPPATH\Controllers\ContactUs.php(24): CodeIgniter\Controller->validate([...])
 6 SYSTEMPATH\CodeIgniter.php(898): App\Controllers\ContactUs->submit()
 7 SYSTEMPATH\CodeIgniter.php(468): CodeIgniter\CodeIgniter->runController(Object(App\Controllers\ContactUs))
 8 SYSTEMPATH\CodeIgniter.php(351): CodeIgniter\CodeIgniter->handleRequest(null, Object(Config\Cache), false)
 9 FCPATH\index.php(55): CodeIgniter\CodeIgniter->run()
10 SYSTEMPATH\Commands\Server\rewrite.php(43): require_once('FCPATH\\index.php')
